# JRE version: OpenJDK Runtime Environment (8.0_282) (build 1.8.0_282-bre_2021_01_20_16_06-b00)
# Java VM: OpenJDK 64-Bit Server VM (25.282-b00 mixed mode bsd-amd64 compressed oops)
Heap:
 PSYoungGen      total 241664K, used 167891K [0x000000076ab00000, 0x000000077a880000, 0x00000007c0000000)
  eden space 229888K, 73% used [0x000000076ab00000,0x0000000774ef4d08,0x0000000778b80000)
  from space 11776K, 0% used [0x0000000779c80000,0x0000000779c80000,0x000000077a800000)
  to   space 14848K, 0% used [0x0000000778b80000,0x0000000778b80000,0x0000000779a00000)
 ParOldGen       total 119808K, used 18801K [0x00000006c0000000, 0x00000006c7500000, 0x000000076ab00000)
  object space 119808K, 15% used [0x00000006c0000000,0x00000006c125c508,0x00000006c7500000)
 Metaspace       used 45434K, capacity 48490K, committed 48592K, reserved 1091584K
  class space    used 6296K, capacity 6872K, committed 6912K, reserved 1048576K
GC Heap History (10 events):
Event: 2.042 GC heap before
{Heap before GC invocations=4 (full 0):
 PSYoungGen      total 76288K, used 11445K [0x000000076ab00000, 0x0000000774000000, 0x00000007c0000000)
  eden space 65536K, 6% used [0x000000076ab00000,0x000000076aef6108,0x000000076eb00000)
  from space 10752K, 68% used [0x000000076eb00000,0x000000076f2373b8,0x000000076f580000)
  to   space 10752K, 0% used [0x0000000773580000,0x0000000773580000,0x0000000774000000)
 ParOldGen       total 175104K, used 32K [0x00000006c0000000, 0x00000006cab00000, 0x000000076ab00000)
  object space 175104K, 0% used [0x00000006c0000000,0x00000006c0008000,0x00000006cab00000)
 Metaspace       used 20574K, capacity 21426K, committed 21628K, reserved 1069056K
  class space    used 2775K, capacity 2993K, committed 3072K, reserved 1048576K
Event: 2.053 GC heap after
Heap after GC invocations=4 (full 0):
 PSYoungGen      total 141824K, used 6202K [0x000000076ab00000, 0x0000000774000000, 0x00000007c0000000)
  eden space 131072K, 0% used [0x000000076ab00000,0x000000076ab00000,0x0000000772b00000)
  from space 10752K, 57% used [0x0000000773580000,0x0000000773b8ea88,0x0000000774000000)
  to   space 10752K, 0% used [0x0000000772b00000,0x0000000772b00000,0x0000000773580000)
 ParOldGen       total 175104K, used 40K [0x00000006c0000000, 0x00000006cab00000, 0x000000076ab00000)
  object space 175104K, 0% used [0x00000006c0000000,0x00000006c000a000,0x00000006cab00000)
 Metaspace       used 20574K, capacity 21426K, committed 21628K, reserved 1069056K
  class space    used 2775K, capacity 2993K, committed 3072K, reserved 1048576K
}
Event: 2.053 GC heap before
{Heap before GC invocations=5 (full 1):
 PSYoungGen      total 141824K, used 6202K [0x000000076ab00000, 0x0000000774000000, 0x00000007c0000000)
  eden space 131072K, 0% used [0x000000076ab00000,0x000000076ab00000,0x0000000772b00000)
  from space 10752K, 57% used [0x0000000773580000,0x0000000773b8ea88,0x0000000774000000)
  to   space 10752K, 0% used [0x0000000772b00000,0x0000000772b00000,0x0000000773580000)
 ParOldGen       total 175104K, used 40K [0x00000006c0000000, 0x00000006cab00000, 0x000000076ab00000)
  object space 175104K, 0% used [0x00000006c0000000,0x00000006c000a000,0x00000006cab00000)
 Metaspace       used 20574K, capacity 21426K, committed 21628K, reserved 1069056K
  class space    used 2775K, capacity 2993K, committed 3072K, reserved 1048576K
Event: 2.102 GC heap after
Heap after GC invocations=5 (full 1):
 PSYoungGen      total 141824K, used 0K [0x000000076ab00000, 0x0000000774000000, 0x00000007c0000000)
  eden space 131072K, 0% used [0x000000076ab00000,0x000000076ab00000,0x0000000772b00000)
  from space 10752K, 0% used [0x0000000773580000,0x0000000773580000,0x0000000774000000)
  to   space 10752K, 0% used [0x0000000772b00000,0x0000000772b00000,0x0000000773580000)
 ParOldGen       total 83456K, used 6135K [0x00000006c0000000, 0x00000006c5180000, 0x000000076ab00000)
  object space 83456K, 7% used [0x00000006c0000000,0x00000006c05fdf78,0x00000006c5180000)
 Metaspace       used 20574K, capacity 21426K, committed 21628K, reserved 1069056K
  class space    used 2775K, capacity 2993K, committed 3072K, reserved 1048576K
}
Event: 3.102 GC heap before
{Heap before GC invocations=6 (full 1):
 PSYoungGen      total 141824K, used 131072K [0x000000076ab00000, 0x0000000774000000, 0x00000007c0000000)
  eden space 131072K, 100% used [0x000000076ab00000,0x0000000772b00000,0x0000000772b00000)
  from space 10752K, 0% used [0x0000000773580000,0x0000000773580000,0x0000000774000000)
  to   space 10752K, 0% used [0x0000000772b00000,0x0000000772b00000,0x0000000773580000)
 ParOldGen       total 83456K, used 6135K [0x00000006c0000000, 0x00000006c5180000, 0x000000076ab00000)
  object space 83456K, 7% used [0x00000006c0000000,0x00000006c05fdf78,0x00000006c5180000)
 Metaspace       used 27026K, capacity 28322K, committed 28672K, reserved 1073152K
  class space    used 3678K, capacity 3983K, committed 4096K, reserved 1048576K
Event: 3.113 GC heap after
Heap after GC invocations=6 (full 1):
 PSYoungGen      total 141824K, used 10737K [0x000000076ab00000, 0x000000077a800000, 0x00000007c0000000)
  eden space 131072K, 0% used [0x000000076ab00000,0x000000076ab00000,0x0000000772b00000)
  from space 10752K, 99% used [0x0000000772b00000,0x000000077357c750,0x0000000773580000)
  to   space 11776K, 0% used [0x0000000779c80000,0x0000000779c80000,0x000000077a800000)
 ParOldGen       total 83456K, used 6800K [0x00000006c0000000, 0x00000006c5180000, 0x000000076ab00000)
  object space 83456K, 8% used [0x00000006c0000000,0x00000006c06a40d8,0x00000006c5180000)
 Metaspace       used 27026K, capacity 28322K, committed 28672K, reserved 1073152K
  class space    used 3678K, capacity 3983K, committed 4096K, reserved 1048576K
}
Event: 4.045 GC heap before
{Heap before GC invocations=7 (full 1):
 PSYoungGen      total 141824K, used 124967K [0x000000076ab00000, 0x000000077a800000, 0x00000007c0000000)
  eden space 131072K, 87% used [0x000000076ab00000,0x0000000771a8d868,0x0000000772b00000)
  from space 10752K, 99% used [0x0000000772b00000,0x000000077357c750,0x0000000773580000)
  to   space 11776K, 0% used [0x0000000779c80000,0x0000000779c80000,0x000000077a800000)
 ParOldGen       total 83456K, used 6800K [0x00000006c0000000, 0x00000006c5180000, 0x000000076ab00000)
  object space 83456K, 8% used [0x00000006c0000000,0x00000006c06a40d8,0x00000006c5180000)
 Metaspace       used 33928K, capacity 36010K, committed 36048K, reserved 1081344K
  class space    used 4664K, capacity 5097K, committed 5120K, reserved 1048576K
Event: 4.058 GC heap after
Heap after GC invocations=7 (full 1):
 PSYoungGen      total 241664K, used 11757K [0x000000076ab00000, 0x000000077a880000, 0x00000007c0000000)
  eden space 229888K, 0% used [0x000000076ab00000,0x000000076ab00000,0x0000000778b80000)
  from space 11776K, 99% used [0x0000000779c80000,0x000000077a7fb7d0,0x000000077a800000)
  to   space 14848K, 0% used [0x0000000778b80000,0x0000000778b80000,0x0000000779a00000)
 ParOldGen       total 83456K, used 9351K [0x00000006c0000000, 0x00000006c5180000, 0x000000076ab00000)
  object space 83456K, 11% used [0x00000006c0000000,0x00000006c0921fd0,0x00000006c5180000)
 Metaspace       used 33928K, capacity 36010K, committed 36048K, reserved 1081344K
  class space    used 4664K, capacity 5097K, committed 5120K, reserved 1048576K
}
Event: 4.058 GC heap before
{Heap before GC invocations=8 (full 2):
 PSYoungGen      total 241664K, used 11757K [0x000000076ab00000, 0x000000077a880000, 0x00000007c0000000)
  eden space 229888K, 0% used [0x000000076ab00000,0x000000076ab00000,0x0000000778b80000)
  from space 11776K, 99% used [0x0000000779c80000,0x000000077a7fb7d0,0x000000077a800000)
  to   space 14848K, 0% used [0x0000000778b80000,0x0000000778b80000,0x0000000779a00000)
 ParOldGen       total 83456K, used 9351K [0x00000006c0000000, 0x00000006c5180000, 0x000000076ab00000)
  object space 83456K, 11% used [0x00000006c0000000,0x00000006c0921fd0,0x00000006c5180000)
 Metaspace       used 33928K, capacity 36010K, committed 36048K, reserved 1081344K
  class space    used 4664K, capacity 5097K, committed 5120K, reserved 1048576K
Event: 4.123 GC heap after
Heap after GC invocations=8 (full 2):
 PSYoungGen      total 241664K, used 0K [0x000000076ab00000, 0x000000077a880000, 0x00000007c0000000)
  eden space 229888K, 0% used [0x000000076ab00000,0x000000076ab00000,0x0000000778b80000)
  from space 11776K, 0% used [0x0000000779c80000,0x0000000779c80000,0x000000077a800000)
  to   space 14848K, 0% used [0x0000000778b80000,0x0000000778b80000,0x0000000779a00000)
 ParOldGen       total 119808K, used 18801K [0x00000006c0000000, 0x00000006c7500000, 0x000000076ab00000)
  object space 119808K, 15% used [0x00000006c0000000,0x00000006c125c508,0x00000006c7500000)
 Metaspace       used 33928K, capacity 36010K, committed 36048K, reserved 1081344K
  class space    used 4664K, capacity 5097K, committed 5120K, reserved 1048576K
}

