# JRE version: OpenJDK Runtime Environment (8.0_282) (build 1.8.0_282-bre_2021_01_20_16_06-b00)
# Java VM: OpenJDK 64-Bit Server VM (25.282-b00 mixed mode bsd-amd64 compressed oops)
Heap:
 PSYoungGen      total 175616K, used 149776K [0x000000076ab00000, 0x0000000778780000, 0x00000007c0000000)
  eden space 162816K, 91% used [0x000000076ab00000,0x0000000773d440e8,0x0000000774a00000)
  from space 12800K, 0% used [0x0000000775780000,0x0000000775780000,0x0000000776400000)
  to   space 13824K, 0% used [0x0000000774a00000,0x0000000774a00000,0x0000000775780000)
 ParOldGen       total 160768K, used 16043K [0x00000006c0000000, 0x00000006c9d00000, 0x000000076ab00000)
  object space 160768K, 9% used [0x00000006c0000000,0x00000006c0faae50,0x00000006c9d00000)
 Metaspace       used 44753K, capacity 47718K, committed 47872K, reserved 1089536K
  class space    used 6282K, capacity 6836K, committed 6912K, reserved 1048576K
GC Heap History (10 events):
Event: 1.840 GC heap before
{Heap before GC invocations=4 (full 1):
 PSYoungGen      total 76288K, used 7843K [0x000000076ab00000, 0x0000000774000000, 0x00000007c0000000)
  eden space 65536K, 0% used [0x000000076ab00000,0x000000076ab00000,0x000000076eb00000)
  from space 10752K, 72% used [0x000000076eb00000,0x000000076f2a8d00,0x000000076f580000)
  to   space 10752K, 0% used [0x0000000773580000,0x0000000773580000,0x0000000774000000)
 ParOldGen       total 175104K, used 32K [0x00000006c0000000, 0x00000006cab00000, 0x000000076ab00000)
  object space 175104K, 0% used [0x00000006c0000000,0x00000006c0008000,0x00000006cab00000)
 Metaspace       used 20292K, capacity 21120K, committed 21248K, reserved 1067008K
  class space    used 2796K, capacity 2994K, committed 3072K, reserved 1048576K
Event: 1.875 GC heap after
Heap after GC invocations=4 (full 1):
 PSYoungGen      total 76288K, used 0K [0x000000076ab00000, 0x0000000774000000, 0x00000007c0000000)
  eden space 65536K, 0% used [0x000000076ab00000,0x000000076ab00000,0x000000076eb00000)
  from space 10752K, 0% used [0x000000076eb00000,0x000000076eb00000,0x000000076f580000)
  to   space 10752K, 0% used [0x0000000773580000,0x0000000773580000,0x0000000774000000)
 ParOldGen       total 97792K, used 7628K [0x00000006c0000000, 0x00000006c5f80000, 0x000000076ab00000)
  object space 97792K, 7% used [0x00000006c0000000,0x00000006c07730c0,0x00000006c5f80000)
 Metaspace       used 20292K, capacity 21120K, committed 21248K, reserved 1067008K
  class space    used 2796K, capacity 2994K, committed 3072K, reserved 1048576K
}
Event: 2.148 GC heap before
{Heap before GC invocations=5 (full 1):
 PSYoungGen      total 76288K, used 65536K [0x000000076ab00000, 0x0000000774000000, 0x00000007c0000000)
  eden space 65536K, 100% used [0x000000076ab00000,0x000000076eb00000,0x000000076eb00000)
  from space 10752K, 0% used [0x000000076eb00000,0x000000076eb00000,0x000000076f580000)
  to   space 10752K, 0% used [0x0000000773580000,0x0000000773580000,0x0000000774000000)
 ParOldGen       total 97792K, used 7628K [0x00000006c0000000, 0x00000006c5f80000, 0x000000076ab00000)
  object space 97792K, 7% used [0x00000006c0000000,0x00000006c07730c0,0x00000006c5f80000)
 Metaspace       used 23431K, capacity 24486K, committed 24832K, reserved 1071104K
  class space    used 3214K, capacity 3473K, committed 3584K, reserved 1048576K
Event: 2.152 GC heap after
Heap after GC invocations=5 (full 1):
 PSYoungGen      total 110592K, used 5919K [0x000000076ab00000, 0x0000000773b80000, 0x00000007c0000000)
  eden space 104448K, 0% used [0x000000076ab00000,0x000000076ab00000,0x0000000771100000)
  from space 6144K, 96% used [0x0000000773580000,0x0000000773b47f70,0x0000000773b80000)
  to   space 10752K, 0% used [0x0000000772680000,0x0000000772680000,0x0000000773100000)
 ParOldGen       total 97792K, used 7636K [0x00000006c0000000, 0x00000006c5f80000, 0x000000076ab00000)
  object space 97792K, 7% used [0x00000006c0000000,0x00000006c07750c0,0x00000006c5f80000)
 Metaspace       used 23431K, capacity 24486K, committed 24832K, reserved 1071104K
  class space    used 3214K, capacity 3473K, committed 3584K, reserved 1048576K
}
Event: 2.750 GC heap before
{Heap before GC invocations=6 (full 1):
 PSYoungGen      total 110592K, used 110367K [0x000000076ab00000, 0x0000000773b80000, 0x00000007c0000000)
  eden space 104448K, 100% used [0x000000076ab00000,0x0000000771100000,0x0000000771100000)
  from space 6144K, 96% used [0x0000000773580000,0x0000000773b47f70,0x0000000773b80000)
  to   space 10752K, 0% used [0x0000000772680000,0x0000000772680000,0x0000000773100000)
 ParOldGen       total 97792K, used 7636K [0x00000006c0000000, 0x00000006c5f80000, 0x000000076ab00000)
  object space 97792K, 7% used [0x00000006c0000000,0x00000006c07750c0,0x00000006c5f80000)
 Metaspace       used 30054K, capacity 31684K, committed 32000K, reserved 1077248K
  class space    used 4154K, capacity 4504K, committed 4608K, reserved 1048576K
Event: 2.760 GC heap after
Heap after GC invocations=6 (full 1):
 PSYoungGen      total 137216K, used 10721K [0x000000076ab00000, 0x0000000776400000, 0x00000007c0000000)
  eden space 126464K, 0% used [0x000000076ab00000,0x000000076ab00000,0x0000000772680000)
  from space 10752K, 99% used [0x0000000772680000,0x00000007730f86f8,0x0000000773100000)
  to   space 12800K, 0% used [0x0000000775780000,0x0000000775780000,0x0000000776400000)
 ParOldGen       total 97792K, used 9170K [0x00000006c0000000, 0x00000006c5f80000, 0x000000076ab00000)
  object space 97792K, 9% used [0x00000006c0000000,0x00000006c08f4a40,0x00000006c5f80000)
 Metaspace       used 30054K, capacity 31684K, committed 32000K, reserved 1077248K
  class space    used 4154K, capacity 4504K, committed 4608K, reserved 1048576K
}
Event: 3.116 GC heap before
{Heap before GC invocations=7 (full 1):
 PSYoungGen      total 137216K, used 65244K [0x000000076ab00000, 0x0000000776400000, 0x00000007c0000000)
  eden space 126464K, 43% used [0x000000076ab00000,0x000000076e03e9c0,0x0000000772680000)
  from space 10752K, 99% used [0x0000000772680000,0x00000007730f86f8,0x0000000773100000)
  to   space 12800K, 0% used [0x0000000775780000,0x0000000775780000,0x0000000776400000)
 ParOldGen       total 97792K, used 9170K [0x00000006c0000000, 0x00000006c5f80000, 0x000000076ab00000)
  object space 97792K, 9% used [0x00000006c0000000,0x00000006c08f4a40,0x00000006c5f80000)
 Metaspace       used 33217K, capacity 35306K, committed 35416K, reserved 1079296K
  class space    used 4629K, capacity 5055K, committed 5120K, reserved 1048576K
Event: 3.125 GC heap after
Heap after GC invocations=7 (full 1):
 PSYoungGen      total 175616K, used 11349K [0x000000076ab00000, 0x0000000778780000, 0x00000007c0000000)
  eden space 162816K, 0% used [0x000000076ab00000,0x000000076ab00000,0x0000000774a00000)
  from space 12800K, 88% used [0x0000000775780000,0x00000007762954d0,0x0000000776400000)
  to   space 13824K, 0% used [0x0000000774a00000,0x0000000774a00000,0x0000000775780000)
 ParOldGen       total 97792K, used 9178K [0x00000006c0000000, 0x00000006c5f80000, 0x000000076ab00000)
  object space 97792K, 9% used [0x00000006c0000000,0x00000006c08f6a40,0x00000006c5f80000)
 Metaspace       used 33217K, capacity 35306K, committed 35416K, reserved 1079296K
  class space    used 4629K, capacity 5055K, committed 5120K, reserved 1048576K
}
Event: 3.125 GC heap before
{Heap before GC invocations=8 (full 2):
 PSYoungGen      total 175616K, used 11349K [0x000000076ab00000, 0x0000000778780000, 0x00000007c0000000)
  eden space 162816K, 0% used [0x000000076ab00000,0x000000076ab00000,0x0000000774a00000)
  from space 12800K, 88% used [0x0000000775780000,0x00000007762954d0,0x0000000776400000)
  to   space 13824K, 0% used [0x0000000774a00000,0x0000000774a00000,0x0000000775780000)
 ParOldGen       total 97792K, used 9178K [0x00000006c0000000, 0x00000006c5f80000, 0x000000076ab00000)
  object space 97792K, 9% used [0x00000006c0000000,0x00000006c08f6a40,0x00000006c5f80000)
 Metaspace       used 33217K, capacity 35306K, committed 35416K, reserved 1079296K
  class space    used 4629K, capacity 5055K, committed 5120K, reserved 1048576K
Event: 3.194 GC heap after
Heap after GC invocations=8 (full 2):
 PSYoungGen      total 175616K, used 0K [0x000000076ab00000, 0x0000000778780000, 0x00000007c0000000)
  eden space 162816K, 0% used [0x000000076ab00000,0x000000076ab00000,0x0000000774a00000)
  from space 12800K, 0% used [0x0000000775780000,0x0000000775780000,0x0000000776400000)
  to   space 13824K, 0% used [0x0000000774a00000,0x0000000774a00000,0x0000000775780000)
 ParOldGen       total 160768K, used 16043K [0x00000006c0000000, 0x00000006c9d00000, 0x000000076ab00000)
  object space 160768K, 9% used [0x00000006c0000000,0x00000006c0faae50,0x00000006c9d00000)
 Metaspace       used 33217K, capacity 35306K, committed 35416K, reserved 1079296K
  class space    used 4629K, capacity 5055K, committed 5120K, reserved 1048576K
}

