# JRE version: OpenJDK Runtime Environment (8.0_282) (build 1.8.0_282-bre_2021_01_20_16_06-b00)
# Java VM: OpenJDK 64-Bit Server VM (25.282-b00 mixed mode bsd-amd64 compressed oops)
Heap:
 PSYoungGen      total 145920K, used 82614K [0x000000076ab00000, 0x0000000774c80000, 0x00000007c0000000)
  eden space 135168K, 53% used [0x000000076ab00000,0x000000076f130658,0x0000000772f00000)
  from space 10752K, 99% used [0x0000000774200000,0x0000000774c7d588,0x0000000774c80000)
  to   space 11776K, 0% used [0x0000000773580000,0x0000000773580000,0x0000000774100000)
 ParOldGen       total 165376K, used 12743K [0x00000006c0000000, 0x00000006ca180000, 0x000000076ab00000)
  object space 165376K, 7% used [0x00000006c0000000,0x00000006c0c71cf8,0x00000006ca180000)
 Metaspace       used 48942K, capacity 51792K, committed 52096K, reserved 1093632K
  class space    used 6717K, capacity 7244K, committed 7296K, reserved 1048576K
GC Heap History (10 events):
Event: 1.755 GC heap before
{Heap before GC invocations=4 (full 1):
 PSYoungGen      total 76288K, used 65536K [0x000000076ab00000, 0x0000000774000000, 0x00000007c0000000)
  eden space 65536K, 100% used [0x000000076ab00000,0x000000076eb00000,0x000000076eb00000)
  from space 10752K, 0% used [0x000000076f580000,0x000000076f580000,0x0000000770000000)
  to   space 10752K, 0% used [0x000000076eb00000,0x000000076eb00000,0x000000076f580000)
 ParOldGen       total 107520K, used 8994K [0x00000006c0000000, 0x00000006c6900000, 0x000000076ab00000)
  object space 107520K, 8% used [0x00000006c0000000,0x00000006c08c8a38,0x00000006c6900000)
 Metaspace       used 25875K, capacity 26916K, committed 27008K, reserved 1073152K
  class space    used 3385K, capacity 3630K, committed 3712K, reserved 1048576K
Event: 1.759 GC heap after
Heap after GC invocations=4 (full 1):
 PSYoungGen      total 76288K, used 8646K [0x000000076ab00000, 0x0000000771d80000, 0x00000007c0000000)
  eden space 65536K, 0% used [0x000000076ab00000,0x000000076ab00000,0x000000076eb00000)
  from space 10752K, 80% used [0x000000076eb00000,0x000000076f3718b0,0x000000076f580000)
  to   space 10752K, 0% used [0x0000000771300000,0x0000000771300000,0x0000000771d80000)
 ParOldGen       total 107520K, used 9002K [0x00000006c0000000, 0x00000006c6900000, 0x000000076ab00000)
  object space 107520K, 8% used [0x00000006c0000000,0x00000006c08caa38,0x00000006c6900000)
 Metaspace       used 25875K, capacity 26916K, committed 27008K, reserved 1073152K
  class space    used 3385K, capacity 3630K, committed 3712K, reserved 1048576K
}
Event: 2.486 GC heap before
{Heap before GC invocations=5 (full 1):
 PSYoungGen      total 76288K, used 74182K [0x000000076ab00000, 0x0000000771d80000, 0x00000007c0000000)
  eden space 65536K, 100% used [0x000000076ab00000,0x000000076eb00000,0x000000076eb00000)
  from space 10752K, 80% used [0x000000076eb00000,0x000000076f3718b0,0x000000076f580000)
  to   space 10752K, 0% used [0x0000000771300000,0x0000000771300000,0x0000000771d80000)
 ParOldGen       total 107520K, used 9002K [0x00000006c0000000, 0x00000006c6900000, 0x000000076ab00000)
  object space 107520K, 8% used [0x00000006c0000000,0x00000006c08caa38,0x00000006c6900000)
 Metaspace       used 31948K, capacity 33458K, committed 33792K, reserved 1079296K
  class space    used 4222K, capacity 4529K, committed 4608K, reserved 1048576K
Event: 2.495 GC heap after
Heap after GC invocations=5 (full 1):
 PSYoungGen      total 104960K, used 10319K [0x000000076ab00000, 0x0000000771d80000, 0x00000007c0000000)
  eden space 94208K, 0% used [0x000000076ab00000,0x000000076ab00000,0x0000000770700000)
  from space 10752K, 95% used [0x0000000771300000,0x0000000771d13d18,0x0000000771d80000)
  to   space 10752K, 0% used [0x0000000770880000,0x0000000770880000,0x0000000771300000)
 ParOldGen       total 107520K, used 9010K [0x00000006c0000000, 0x00000006c6900000, 0x000000076ab00000)
  object space 107520K, 8% used [0x00000006c0000000,0x00000006c08cca38,0x00000006c6900000)
 Metaspace       used 31948K, capacity 33458K, committed 33792K, reserved 1079296K
  class space    used 4222K, capacity 4529K, committed 4608K, reserved 1048576K
}
Event: 2.737 GC heap before
{Heap before GC invocations=6 (full 1):
 PSYoungGen      total 104960K, used 41772K [0x000000076ab00000, 0x0000000771d80000, 0x00000007c0000000)
  eden space 94208K, 33% used [0x000000076ab00000,0x000000076c9b7320,0x0000000770700000)
  from space 10752K, 95% used [0x0000000771300000,0x0000000771d13d18,0x0000000771d80000)
  to   space 10752K, 0% used [0x0000000770880000,0x0000000770880000,0x0000000771300000)
 ParOldGen       total 107520K, used 9010K [0x00000006c0000000, 0x00000006c6900000, 0x000000076ab00000)
  object space 107520K, 8% used [0x00000006c0000000,0x00000006c08cca38,0x00000006c6900000)
 Metaspace       used 33759K, capacity 35340K, committed 35496K, reserved 1079296K
  class space    used 4549K, capacity 4842K, committed 4864K, reserved 1048576K
Event: 2.748 GC heap after
Heap after GC invocations=6 (full 1):
 PSYoungGen      total 106496K, used 8046K [0x000000076ab00000, 0x0000000774c80000, 0x00000007c0000000)
  eden space 95744K, 0% used [0x000000076ab00000,0x000000076ab00000,0x0000000770880000)
  from space 10752K, 74% used [0x0000000770880000,0x000000077105b948,0x0000000771300000)
  to   space 10752K, 0% used [0x0000000774200000,0x0000000774200000,0x0000000774c80000)
 ParOldGen       total 107520K, used 9018K [0x00000006c0000000, 0x00000006c6900000, 0x000000076ab00000)
  object space 107520K, 8% used [0x00000006c0000000,0x00000006c08cea38,0x00000006c6900000)
 Metaspace       used 33759K, capacity 35340K, committed 35496K, reserved 1079296K
  class space    used 4549K, capacity 4842K, committed 4864K, reserved 1048576K
}
Event: 2.748 GC heap before
{Heap before GC invocations=7 (full 2):
 PSYoungGen      total 106496K, used 8046K [0x000000076ab00000, 0x0000000774c80000, 0x00000007c0000000)
  eden space 95744K, 0% used [0x000000076ab00000,0x000000076ab00000,0x0000000770880000)
  from space 10752K, 74% used [0x0000000770880000,0x000000077105b948,0x0000000771300000)
  to   space 10752K, 0% used [0x0000000774200000,0x0000000774200000,0x0000000774c80000)
 ParOldGen       total 107520K, used 9018K [0x00000006c0000000, 0x00000006c6900000, 0x000000076ab00000)
  object space 107520K, 8% used [0x00000006c0000000,0x00000006c08cea38,0x00000006c6900000)
 Metaspace       used 33759K, capacity 35340K, committed 35496K, reserved 1079296K
  class space    used 4549K, capacity 4842K, committed 4864K, reserved 1048576K
Event: 2.798 GC heap after
Heap after GC invocations=7 (full 2):
 PSYoungGen      total 106496K, used 0K [0x000000076ab00000, 0x0000000774c80000, 0x00000007c0000000)
  eden space 95744K, 0% used [0x000000076ab00000,0x000000076ab00000,0x0000000770880000)
  from space 10752K, 0% used [0x0000000770880000,0x0000000770880000,0x0000000771300000)
  to   space 10752K, 0% used [0x0000000774200000,0x0000000774200000,0x0000000774c80000)
 ParOldGen       total 165376K, used 12597K [0x00000006c0000000, 0x00000006ca180000, 0x000000076ab00000)
  object space 165376K, 7% used [0x00000006c0000000,0x00000006c0c4d788,0x00000006ca180000)
 Metaspace       used 33759K, capacity 35340K, committed 35496K, reserved 1079296K
  class space    used 4549K, capacity 4842K, committed 4864K, reserved 1048576K
}
Event: 3.960 GC heap before
{Heap before GC invocations=8 (full 2):
 PSYoungGen      total 106496K, used 95744K [0x000000076ab00000, 0x0000000774c80000, 0x00000007c0000000)
  eden space 95744K, 100% used [0x000000076ab00000,0x0000000770880000,0x0000000770880000)
  from space 10752K, 0% used [0x0000000770880000,0x0000000770880000,0x0000000771300000)
  to   space 10752K, 0% used [0x0000000774200000,0x0000000774200000,0x0000000774c80000)
 ParOldGen       total 165376K, used 12597K [0x00000006c0000000, 0x00000006ca180000, 0x000000076ab00000)
  object space 165376K, 7% used [0x00000006c0000000,0x00000006c0c4d788,0x00000006ca180000)
 Metaspace       used 41554K, capacity 43832K, committed 44032K, reserved 1087488K
  class space    used 5636K, capacity 6070K, committed 6144K, reserved 1048576K
Event: 3.971 GC heap after
Heap after GC invocations=8 (full 2):
 PSYoungGen      total 145920K, used 10741K [0x000000076ab00000, 0x0000000774c80000, 0x00000007c0000000)
  eden space 135168K, 0% used [0x000000076ab00000,0x000000076ab00000,0x0000000772f00000)
  from space 10752K, 99% used [0x0000000774200000,0x0000000774c7d588,0x0000000774c80000)
  to   space 11776K, 0% used [0x0000000773580000,0x0000000773580000,0x0000000774100000)
 ParOldGen       total 165376K, used 12743K [0x00000006c0000000, 0x00000006ca180000, 0x000000076ab00000)
  object space 165376K, 7% used [0x00000006c0000000,0x00000006c0c71cf8,0x00000006ca180000)
 Metaspace       used 41554K, capacity 43832K, committed 44032K, reserved 1087488K
  class space    used 5636K, capacity 6070K, committed 6144K, reserved 1048576K
}

