# JRE version: OpenJDK Runtime Environment (8.0_282) (build 1.8.0_282-bre_2021_01_20_16_06-b00)
# Java VM: OpenJDK 64-Bit Server VM (25.282-b00 mixed mode bsd-amd64 compressed oops)
Heap:
 PSYoungGen      total 185856K, used 18083K [0x000000076ab00000, 0x000000077b100000, 0x00000007c0000000)
  eden space 172032K, 2% used [0x000000076ab00000,0x000000076af2c110,0x0000000775300000)
  from space 13824K, 99% used [0x0000000775300000,0x000000077607cda8,0x0000000776080000)
  to   space 16384K, 0% used [0x000000077a100000,0x000000077a100000,0x000000077b100000)
 ParOldGen       total 155648K, used 17769K [0x00000006c0000000, 0x00000006c9800000, 0x000000076ab00000)
  object space 155648K, 11% used [0x00000006c0000000,0x00000006c115a418,0x00000006c9800000)
 Metaspace       used 45497K, capacity 48442K, committed 48640K, reserved 1091584K
  class space    used 6303K, capacity 6868K, committed 6912K, reserved 1048576K
GC Heap History (10 events):
Event: 2.306 GC heap before
{Heap before GC invocations=5 (full 1):
 PSYoungGen      total 76288K, used 65536K [0x000000076ab00000, 0x0000000774000000, 0x00000007c0000000)
  eden space 65536K, 100% used [0x000000076ab00000,0x000000076eb00000,0x000000076eb00000)
  from space 10752K, 0% used [0x000000076eb00000,0x000000076eb00000,0x000000076f580000)
  to   space 10752K, 0% used [0x0000000773580000,0x0000000773580000,0x0000000774000000)
 ParOldGen       total 95744K, used 7536K [0x00000006c0000000, 0x00000006c5d80000, 0x000000076ab00000)
  object space 95744K, 7% used [0x00000006c0000000,0x00000006c075c0f0,0x00000006c5d80000)
 Metaspace       used 23609K, capacity 24628K, committed 24704K, reserved 1071104K
  class space    used 3177K, capacity 3426K, committed 3456K, reserved 1048576K
Event: 2.311 GC heap after
Heap after GC invocations=5 (full 1):
 PSYoungGen      total 113664K, used 5691K [0x000000076ab00000, 0x0000000773b80000, 0x00000007c0000000)
  eden space 107520K, 0% used [0x000000076ab00000,0x000000076ab00000,0x0000000771400000)
  from space 6144K, 92% used [0x0000000773580000,0x0000000773b0ee20,0x0000000773b80000)
  to   space 10752K, 0% used [0x0000000772680000,0x0000000772680000,0x0000000773100000)
 ParOldGen       total 95744K, used 7544K [0x00000006c0000000, 0x00000006c5d80000, 0x000000076ab00000)
  object space 95744K, 7% used [0x00000006c0000000,0x00000006c075e0f0,0x00000006c5d80000)
 Metaspace       used 23609K, capacity 24628K, committed 24704K, reserved 1071104K
  class space    used 3177K, capacity 3426K, committed 3456K, reserved 1048576K
}
Event: 2.986 GC heap before
{Heap before GC invocations=6 (full 1):
 PSYoungGen      total 113664K, used 113211K [0x000000076ab00000, 0x0000000773b80000, 0x00000007c0000000)
  eden space 107520K, 100% used [0x000000076ab00000,0x0000000771400000,0x0000000771400000)
  from space 6144K, 92% used [0x0000000773580000,0x0000000773b0ee20,0x0000000773b80000)
  to   space 10752K, 0% used [0x0000000772680000,0x0000000772680000,0x0000000773100000)
 ParOldGen       total 95744K, used 7544K [0x00000006c0000000, 0x00000006c5d80000, 0x000000076ab00000)
  object space 95744K, 7% used [0x00000006c0000000,0x00000006c075e0f0,0x00000006c5d80000)
 Metaspace       used 29737K, capacity 31322K, committed 31616K, reserved 1077248K
  class space    used 4060K, capacity 4417K, committed 4480K, reserved 1048576K
Event: 2.996 GC heap after
Heap after GC invocations=6 (full 1):
 PSYoungGen      total 137216K, used 10741K [0x000000076ab00000, 0x0000000776d00000, 0x00000007c0000000)
  eden space 126464K, 0% used [0x000000076ab00000,0x000000076ab00000,0x0000000772680000)
  from space 10752K, 99% used [0x0000000772680000,0x00000007730fd7c8,0x0000000773100000)
  to   space 12800K, 0% used [0x0000000776080000,0x0000000776080000,0x0000000776d00000)
 ParOldGen       total 95744K, used 8548K [0x00000006c0000000, 0x00000006c5d80000, 0x000000076ab00000)
  object space 95744K, 8% used [0x00000006c0000000,0x00000006c0859098,0x00000006c5d80000)
 Metaspace       used 29737K, capacity 31322K, committed 31616K, reserved 1077248K
  class space    used 4060K, capacity 4417K, committed 4480K, reserved 1048576K
}
Event: 3.482 GC heap before
{Heap before GC invocations=7 (full 1):
 PSYoungGen      total 137216K, used 75420K [0x000000076ab00000, 0x0000000776d00000, 0x00000007c0000000)
  eden space 126464K, 51% used [0x000000076ab00000,0x000000076ea29a70,0x0000000772680000)
  from space 10752K, 99% used [0x0000000772680000,0x00000007730fd7c8,0x0000000773100000)
  to   space 12800K, 0% used [0x0000000776080000,0x0000000776080000,0x0000000776d00000)
 ParOldGen       total 95744K, used 8548K [0x00000006c0000000, 0x00000006c5d80000, 0x000000076ab00000)
  object space 95744K, 8% used [0x00000006c0000000,0x00000006c0859098,0x00000006c5d80000)
 Metaspace       used 33395K, capacity 35330K, committed 35416K, reserved 1079296K
  class space    used 4569K, capacity 4949K, committed 4992K, reserved 1048576K
Event: 3.492 GC heap after
Heap after GC invocations=7 (full 1):
 PSYoungGen      total 184832K, used 11393K [0x000000076ab00000, 0x0000000778b00000, 0x00000007c0000000)
  eden space 172032K, 0% used [0x000000076ab00000,0x000000076ab00000,0x0000000775300000)
  from space 12800K, 89% used [0x0000000776080000,0x0000000776ba06d8,0x0000000776d00000)
  to   space 13824K, 0% used [0x0000000775300000,0x0000000775300000,0x0000000776080000)
 ParOldGen       total 95744K, used 8556K [0x00000006c0000000, 0x00000006c5d80000, 0x000000076ab00000)
  object space 95744K, 8% used [0x00000006c0000000,0x00000006c085b098,0x00000006c5d80000)
 Metaspace       used 33395K, capacity 35330K, committed 35416K, reserved 1079296K
  class space    used 4569K, capacity 4949K, committed 4992K, reserved 1048576K
}
Event: 3.492 GC heap before
{Heap before GC invocations=8 (full 2):
 PSYoungGen      total 184832K, used 11393K [0x000000076ab00000, 0x0000000778b00000, 0x00000007c0000000)
  eden space 172032K, 0% used [0x000000076ab00000,0x000000076ab00000,0x0000000775300000)
  from space 12800K, 89% used [0x0000000776080000,0x0000000776ba06d8,0x0000000776d00000)
  to   space 13824K, 0% used [0x0000000775300000,0x0000000775300000,0x0000000776080000)
 ParOldGen       total 95744K, used 8556K [0x00000006c0000000, 0x00000006c5d80000, 0x000000076ab00000)
  object space 95744K, 8% used [0x00000006c0000000,0x00000006c085b098,0x00000006c5d80000)
 Metaspace       used 33395K, capacity 35330K, committed 35416K, reserved 1079296K
  class space    used 4569K, capacity 4949K, committed 4992K, reserved 1048576K
Event: 3.562 GC heap after
Heap after GC invocations=8 (full 2):
 PSYoungGen      total 184832K, used 0K [0x000000076ab00000, 0x0000000778b00000, 0x00000007c0000000)
  eden space 172032K, 0% used [0x000000076ab00000,0x000000076ab00000,0x0000000775300000)
  from space 12800K, 0% used [0x0000000776080000,0x0000000776080000,0x0000000776d00000)
  to   space 13824K, 0% used [0x0000000775300000,0x0000000775300000,0x0000000776080000)
 ParOldGen       total 155648K, used 16061K [0x00000006c0000000, 0x00000006c9800000, 0x000000076ab00000)
  object space 155648K, 10% used [0x00000006c0000000,0x00000006c0faf690,0x00000006c9800000)
 Metaspace       used 33395K, capacity 35330K, committed 35416K, reserved 1079296K
  class space    used 4569K, capacity 4949K, committed 4992K, reserved 1048576K
}
Event: 10.180 GC heap before
{Heap before GC invocations=9 (full 2):
 PSYoungGen      total 184832K, used 172032K [0x000000076ab00000, 0x0000000778b00000, 0x00000007c0000000)
  eden space 172032K, 100% used [0x000000076ab00000,0x0000000775300000,0x0000000775300000)
  from space 12800K, 0% used [0x0000000776080000,0x0000000776080000,0x0000000776d00000)
  to   space 13824K, 0% used [0x0000000775300000,0x0000000775300000,0x0000000776080000)
 ParOldGen       total 155648K, used 16061K [0x00000006c0000000, 0x00000006c9800000, 0x000000076ab00000)
  object space 155648K, 10% used [0x00000006c0000000,0x00000006c0faf690,0x00000006c9800000)
 Metaspace       used 45446K, capacity 48424K, committed 48640K, reserved 1091584K
  class space    used 6291K, capacity 6861K, committed 6912K, reserved 1048576K
Event: 10.198 GC heap after
Heap after GC invocations=9 (full 2):
 PSYoungGen      total 185856K, used 13811K [0x000000076ab00000, 0x000000077b100000, 0x00000007c0000000)
  eden space 172032K, 0% used [0x000000076ab00000,0x000000076ab00000,0x0000000775300000)
  from space 13824K, 99% used [0x0000000775300000,0x000000077607cda8,0x0000000776080000)
  to   space 16384K, 0% used [0x000000077a100000,0x000000077a100000,0x000000077b100000)
 ParOldGen       total 155648K, used 17769K [0x00000006c0000000, 0x00000006c9800000, 0x000000076ab00000)
  object space 155648K, 11% used [0x00000006c0000000,0x00000006c115a418,0x00000006c9800000)
 Metaspace       used 45446K, capacity 48424K, committed 48640K, reserved 1091584K
  class space    used 6291K, capacity 6861K, committed 6912K, reserved 1048576K
}

