# JRE version: OpenJDK Runtime Environment (8.0_282) (build 1.8.0_282-bre_2021_01_20_16_06-b00)
# Java VM: OpenJDK 64-Bit Server VM (25.282-b00 mixed mode bsd-amd64 compressed oops)
Heap:
 PSYoungGen      total 198656K, used 166896K [0x000000076ab00000, 0x0000000777b00000, 0x00000007c0000000)
  eden space 187904K, 88% used [0x000000076ab00000,0x0000000774dfc3b8,0x0000000776280000)
  from space 10752K, 0% used [0x0000000776d00000,0x0000000776d00000,0x0000000777780000)
  to   space 10752K, 0% used [0x0000000776280000,0x0000000776280000,0x0000000776d00000)
 ParOldGen       total 173056K, used 12704K [0x00000006c0000000, 0x00000006ca900000, 0x000000076ab00000)
  object space 173056K, 7% used [0x00000006c0000000,0x00000006c0c68280,0x00000006ca900000)
 Metaspace       used 49013K, capacity 51796K, committed 52096K, reserved 1093632K
  class space    used 6719K, capacity 7244K, committed 7296K, reserved 1048576K
GC Heap History (10 events):
Event: 1.160 GC heap before
{Heap before GC invocations=2 (full 0):
 PSYoungGen      total 76288K, used 67652K [0x000000076ab00000, 0x0000000774000000, 0x00000007c0000000)
  eden space 65536K, 90% used [0x000000076ab00000,0x000000076e4a4b00,0x000000076eb00000)
  from space 10752K, 80% used [0x000000076eb00000,0x000000076f36c558,0x000000076f580000)
  to   space 10752K, 0% used [0x0000000773580000,0x0000000773580000,0x0000000774000000)
 ParOldGen       total 175104K, used 16K [0x00000006c0000000, 0x00000006cab00000, 0x000000076ab00000)
  object space 175104K, 0% used [0x00000006c0000000,0x00000006c0004000,0x00000006cab00000)
 Metaspace       used 20510K, capacity 21264K, committed 21296K, reserved 1067008K
  class space    used 2749K, capacity 2920K, committed 2944K, reserved 1048576K
Event: 1.170 GC heap after
Heap after GC invocations=2 (full 0):
 PSYoungGen      total 141824K, used 9408K [0x000000076ab00000, 0x0000000774000000, 0x00000007c0000000)
  eden space 131072K, 0% used [0x000000076ab00000,0x000000076ab00000,0x0000000772b00000)
  from space 10752K, 87% used [0x0000000773580000,0x0000000773eb0240,0x0000000774000000)
  to   space 10752K, 0% used [0x0000000772b00000,0x0000000772b00000,0x0000000773580000)
 ParOldGen       total 175104K, used 24K [0x00000006c0000000, 0x00000006cab00000, 0x000000076ab00000)
  object space 175104K, 0% used [0x00000006c0000000,0x00000006c0006000,0x00000006cab00000)
 Metaspace       used 20510K, capacity 21264K, committed 21296K, reserved 1067008K
  class space    used 2749K, capacity 2920K, committed 2944K, reserved 1048576K
}
Event: 1.170 GC heap before
{Heap before GC invocations=3 (full 1):
 PSYoungGen      total 141824K, used 9408K [0x000000076ab00000, 0x0000000774000000, 0x00000007c0000000)
  eden space 131072K, 0% used [0x000000076ab00000,0x000000076ab00000,0x0000000772b00000)
  from space 10752K, 87% used [0x0000000773580000,0x0000000773eb0240,0x0000000774000000)
  to   space 10752K, 0% used [0x0000000772b00000,0x0000000772b00000,0x0000000773580000)
 ParOldGen       total 175104K, used 24K [0x00000006c0000000, 0x00000006cab00000, 0x000000076ab00000)
  object space 175104K, 0% used [0x00000006c0000000,0x00000006c0006000,0x00000006cab00000)
 Metaspace       used 20510K, capacity 21264K, committed 21296K, reserved 1067008K
  class space    used 2749K, capacity 2920K, committed 2944K, reserved 1048576K
Event: 1.200 GC heap after
Heap after GC invocations=3 (full 1):
 PSYoungGen      total 141824K, used 0K [0x000000076ab00000, 0x0000000774000000, 0x00000007c0000000)
  eden space 131072K, 0% used [0x000000076ab00000,0x000000076ab00000,0x0000000772b00000)
  from space 10752K, 0% used [0x0000000773580000,0x0000000773580000,0x0000000774000000)
  to   space 10752K, 0% used [0x0000000772b00000,0x0000000772b00000,0x0000000773580000)
 ParOldGen       total 109056K, used 9101K [0x00000006c0000000, 0x00000006c6a80000, 0x000000076ab00000)
  object space 109056K, 8% used [0x00000006c0000000,0x00000006c08e3558,0x00000006c6a80000)
 Metaspace       used 20510K, capacity 21264K, committed 21296K, reserved 1067008K
  class space    used 2749K, capacity 2920K, committed 2944K, reserved 1048576K
}
Event: 2.234 GC heap before
{Heap before GC invocations=4 (full 1):
 PSYoungGen      total 141824K, used 131072K [0x000000076ab00000, 0x0000000774000000, 0x00000007c0000000)
  eden space 131072K, 100% used [0x000000076ab00000,0x0000000772b00000,0x0000000772b00000)
  from space 10752K, 0% used [0x0000000773580000,0x0000000773580000,0x0000000774000000)
  to   space 10752K, 0% used [0x0000000772b00000,0x0000000772b00000,0x0000000773580000)
 ParOldGen       total 109056K, used 9101K [0x00000006c0000000, 0x00000006c6a80000, 0x000000076ab00000)
  object space 109056K, 8% used [0x00000006c0000000,0x00000006c08e3558,0x00000006c6a80000)
 Metaspace       used 31871K, capacity 33346K, committed 33536K, reserved 1079296K
  class space    used 4212K, capacity 4495K, committed 4608K, reserved 1048576K
Event: 2.246 GC heap after
Heap after GC invocations=4 (full 1):
 PSYoungGen      total 141824K, used 10747K [0x000000076ab00000, 0x0000000777780000, 0x00000007c0000000)
  eden space 131072K, 0% used [0x000000076ab00000,0x000000076ab00000,0x0000000772b00000)
  from space 10752K, 99% used [0x0000000772b00000,0x000000077357eee0,0x0000000773580000)
  to   space 10752K, 0% used [0x0000000776d00000,0x0000000776d00000,0x0000000777780000)
 ParOldGen       total 109056K, used 14238K [0x00000006c0000000, 0x00000006c6a80000, 0x000000076ab00000)
  object space 109056K, 13% used [0x00000006c0000000,0x00000006c0de7a40,0x00000006c6a80000)
 Metaspace       used 31871K, capacity 33346K, committed 33536K, reserved 1079296K
  class space    used 4212K, capacity 4495K, committed 4608K, reserved 1048576K
}
Event: 2.511 GC heap before
{Heap before GC invocations=5 (full 1):
 PSYoungGen      total 141824K, used 44198K [0x000000076ab00000, 0x0000000777780000, 0x00000007c0000000)
  eden space 131072K, 25% used [0x000000076ab00000,0x000000076cbaa978,0x0000000772b00000)
  from space 10752K, 99% used [0x0000000772b00000,0x000000077357eee0,0x0000000773580000)
  to   space 10752K, 0% used [0x0000000776d00000,0x0000000776d00000,0x0000000777780000)
 ParOldGen       total 109056K, used 14238K [0x00000006c0000000, 0x00000006c6a80000, 0x000000076ab00000)
  object space 109056K, 13% used [0x00000006c0000000,0x00000006c0de7a40,0x00000006c6a80000)
 Metaspace       used 33789K, capacity 35412K, committed 35496K, reserved 1079296K
  class space    used 4549K, capacity 4842K, committed 4864K, reserved 1048576K
Event: 2.519 GC heap after
Heap after GC invocations=5 (full 1):
 PSYoungGen      total 198656K, used 8089K [0x000000076ab00000, 0x0000000777b00000, 0x00000007c0000000)
  eden space 187904K, 0% used [0x000000076ab00000,0x000000076ab00000,0x0000000776280000)
  from space 10752K, 75% used [0x0000000776d00000,0x00000007774e6440,0x0000000777780000)
  to   space 10752K, 0% used [0x0000000776280000,0x0000000776280000,0x0000000776d00000)
 ParOldGen       total 109056K, used 14246K [0x00000006c0000000, 0x00000006c6a80000, 0x000000076ab00000)
  object space 109056K, 13% used [0x00000006c0000000,0x00000006c0de9a40,0x00000006c6a80000)
 Metaspace       used 33789K, capacity 35412K, committed 35496K, reserved 1079296K
  class space    used 4549K, capacity 4842K, committed 4864K, reserved 1048576K
}
Event: 2.519 GC heap before
{Heap before GC invocations=6 (full 2):
 PSYoungGen      total 198656K, used 8089K [0x000000076ab00000, 0x0000000777b00000, 0x00000007c0000000)
  eden space 187904K, 0% used [0x000000076ab00000,0x000000076ab00000,0x0000000776280000)
  from space 10752K, 75% used [0x0000000776d00000,0x00000007774e6440,0x0000000777780000)
  to   space 10752K, 0% used [0x0000000776280000,0x0000000776280000,0x0000000776d00000)
 ParOldGen       total 109056K, used 14246K [0x00000006c0000000, 0x00000006c6a80000, 0x000000076ab00000)
  object space 109056K, 13% used [0x00000006c0000000,0x00000006c0de9a40,0x00000006c6a80000)
 Metaspace       used 33789K, capacity 35412K, committed 35496K, reserved 1079296K
  class space    used 4549K, capacity 4842K, committed 4864K, reserved 1048576K
Event: 2.556 GC heap after
Heap after GC invocations=6 (full 2):
 PSYoungGen      total 198656K, used 0K [0x000000076ab00000, 0x0000000777b00000, 0x00000007c0000000)
  eden space 187904K, 0% used [0x000000076ab00000,0x000000076ab00000,0x0000000776280000)
  from space 10752K, 0% used [0x0000000776d00000,0x0000000776d00000,0x0000000777780000)
  to   space 10752K, 0% used [0x0000000776280000,0x0000000776280000,0x0000000776d00000)
 ParOldGen       total 173056K, used 12704K [0x00000006c0000000, 0x00000006ca900000, 0x000000076ab00000)
  object space 173056K, 7% used [0x00000006c0000000,0x00000006c0c68280,0x00000006ca900000)
 Metaspace       used 33789K, capacity 35412K, committed 35496K, reserved 1079296K
  class space    used 4549K, capacity 4842K, committed 4864K, reserved 1048576K
}

