# JRE version: OpenJDK Runtime Environment (8.0_282) (build 1.8.0_282-bre_2021_01_20_16_06-b00)
# Java VM: OpenJDK 64-Bit Server VM (25.282-b00 mixed mode bsd-amd64 compressed oops)
Heap:
 PSYoungGen      total 151552K, used 91537K [0x000000076ab00000, 0x0000000775400000, 0x00000007c0000000)
  eden space 140800K, 57% used [0x000000076ab00000,0x000000076f9e5a78,0x0000000773480000)
  from space 10752K, 99% used [0x0000000774980000,0x00000007753feca8,0x0000000775400000)
  to   space 11776K, 0% used [0x0000000773d00000,0x0000000773d00000,0x0000000774880000)
 ParOldGen       total 161280K, used 12870K [0x00000006c0000000, 0x00000006c9d80000, 0x000000076ab00000)
  object space 161280K, 7% used [0x00000006c0000000,0x00000006c0c91880,0x00000006c9d80000)
 Metaspace       used 50432K, capacity 53408K, committed 53632K, reserved 1095680K
  class space    used 6939K, capacity 7490K, committed 7552K, reserved 1048576K
GC Heap History (10 events):
Event: 2.034 GC heap before
{Heap before GC invocations=4 (full 1):
 PSYoungGen      total 76288K, used 65536K [0x000000076ab00000, 0x0000000774000000, 0x00000007c0000000)
  eden space 65536K, 100% used [0x000000076ab00000,0x000000076eb00000,0x000000076eb00000)
  from space 10752K, 0% used [0x000000076f580000,0x000000076f580000,0x0000000770000000)
  to   space 10752K, 0% used [0x000000076eb00000,0x000000076eb00000,0x000000076f580000)
 ParOldGen       total 105984K, used 9026K [0x00000006c0000000, 0x00000006c6780000, 0x000000076ab00000)
  object space 105984K, 8% used [0x00000006c0000000,0x00000006c08d0970,0x00000006c6780000)
 Metaspace       used 25888K, capacity 26908K, committed 27008K, reserved 1073152K
  class space    used 3385K, capacity 3630K, committed 3712K, reserved 1048576K
Event: 2.037 GC heap after
Heap after GC invocations=4 (full 1):
 PSYoungGen      total 76288K, used 8673K [0x000000076ab00000, 0x0000000771f80000, 0x00000007c0000000)
  eden space 65536K, 0% used [0x000000076ab00000,0x000000076ab00000,0x000000076eb00000)
  from space 10752K, 80% used [0x000000076eb00000,0x000000076f378630,0x000000076f580000)
  to   space 10752K, 0% used [0x0000000771500000,0x0000000771500000,0x0000000771f80000)
 ParOldGen       total 105984K, used 9034K [0x00000006c0000000, 0x00000006c6780000, 0x000000076ab00000)
  object space 105984K, 8% used [0x00000006c0000000,0x00000006c08d2970,0x00000006c6780000)
 Metaspace       used 25888K, capacity 26908K, committed 27008K, reserved 1073152K
  class space    used 3385K, capacity 3630K, committed 3712K, reserved 1048576K
}
Event: 2.671 GC heap before
{Heap before GC invocations=5 (full 1):
 PSYoungGen      total 76288K, used 74209K [0x000000076ab00000, 0x0000000771f80000, 0x00000007c0000000)
  eden space 65536K, 100% used [0x000000076ab00000,0x000000076eb00000,0x000000076eb00000)
  from space 10752K, 80% used [0x000000076eb00000,0x000000076f378630,0x000000076f580000)
  to   space 10752K, 0% used [0x0000000771500000,0x0000000771500000,0x0000000771f80000)
 ParOldGen       total 105984K, used 9034K [0x00000006c0000000, 0x00000006c6780000, 0x000000076ab00000)
  object space 105984K, 8% used [0x00000006c0000000,0x00000006c08d2970,0x00000006c6780000)
 Metaspace       used 32002K, capacity 33454K, committed 33792K, reserved 1079296K
  class space    used 4228K, capacity 4529K, committed 4608K, reserved 1048576K
Event: 2.682 GC heap after
Heap after GC invocations=5 (full 1):
 PSYoungGen      total 108544K, used 10376K [0x000000076ab00000, 0x0000000771f80000, 0x00000007c0000000)
  eden space 97792K, 0% used [0x000000076ab00000,0x000000076ab00000,0x0000000770a80000)
  from space 10752K, 96% used [0x0000000771500000,0x0000000771f222d0,0x0000000771f80000)
  to   space 10752K, 0% used [0x0000000770a80000,0x0000000770a80000,0x0000000771500000)
 ParOldGen       total 105984K, used 9042K [0x00000006c0000000, 0x00000006c6780000, 0x000000076ab00000)
  object space 105984K, 8% used [0x00000006c0000000,0x00000006c08d4970,0x00000006c6780000)
 Metaspace       used 32002K, capacity 33454K, committed 33792K, reserved 1079296K
  class space    used 4228K, capacity 4529K, committed 4608K, reserved 1048576K
}
Event: 2.953 GC heap before
{Heap before GC invocations=6 (full 1):
 PSYoungGen      total 108544K, used 42522K [0x000000076ab00000, 0x0000000771f80000, 0x00000007c0000000)
  eden space 97792K, 32% used [0x000000076ab00000,0x000000076ca646a8,0x0000000770a80000)
  from space 10752K, 96% used [0x0000000771500000,0x0000000771f222d0,0x0000000771f80000)
  to   space 10752K, 0% used [0x0000000770a80000,0x0000000770a80000,0x0000000771500000)
 ParOldGen       total 105984K, used 9042K [0x00000006c0000000, 0x00000006c6780000, 0x000000076ab00000)
  object space 105984K, 8% used [0x00000006c0000000,0x00000006c08d4970,0x00000006c6780000)
 Metaspace       used 33768K, capacity 35340K, committed 35496K, reserved 1079296K
  class space    used 4549K, capacity 4842K, committed 4864K, reserved 1048576K
Event: 2.962 GC heap after
Heap after GC invocations=6 (full 1):
 PSYoungGen      total 108544K, used 7964K [0x000000076ab00000, 0x0000000775400000, 0x00000007c0000000)
  eden space 97792K, 0% used [0x000000076ab00000,0x000000076ab00000,0x0000000770a80000)
  from space 10752K, 74% used [0x0000000770a80000,0x0000000771247118,0x0000000771500000)
  to   space 10752K, 0% used [0x0000000774980000,0x0000000774980000,0x0000000775400000)
 ParOldGen       total 105984K, used 9050K [0x00000006c0000000, 0x00000006c6780000, 0x000000076ab00000)
  object space 105984K, 8% used [0x00000006c0000000,0x00000006c08d6970,0x00000006c6780000)
 Metaspace       used 33768K, capacity 35340K, committed 35496K, reserved 1079296K
  class space    used 4549K, capacity 4842K, committed 4864K, reserved 1048576K
}
Event: 2.962 GC heap before
{Heap before GC invocations=7 (full 2):
 PSYoungGen      total 108544K, used 7964K [0x000000076ab00000, 0x0000000775400000, 0x00000007c0000000)
  eden space 97792K, 0% used [0x000000076ab00000,0x000000076ab00000,0x0000000770a80000)
  from space 10752K, 74% used [0x0000000770a80000,0x0000000771247118,0x0000000771500000)
  to   space 10752K, 0% used [0x0000000774980000,0x0000000774980000,0x0000000775400000)
 ParOldGen       total 105984K, used 9050K [0x00000006c0000000, 0x00000006c6780000, 0x000000076ab00000)
  object space 105984K, 8% used [0x00000006c0000000,0x00000006c08d6970,0x00000006c6780000)
 Metaspace       used 33768K, capacity 35340K, committed 35496K, reserved 1079296K
  class space    used 4549K, capacity 4842K, committed 4864K, reserved 1048576K
Event: 3.000 GC heap after
Heap after GC invocations=7 (full 2):
 PSYoungGen      total 108544K, used 0K [0x000000076ab00000, 0x0000000775400000, 0x00000007c0000000)
  eden space 97792K, 0% used [0x000000076ab00000,0x000000076ab00000,0x0000000770a80000)
  from space 10752K, 0% used [0x0000000770a80000,0x0000000770a80000,0x0000000771500000)
  to   space 10752K, 0% used [0x0000000774980000,0x0000000774980000,0x0000000775400000)
 ParOldGen       total 161280K, used 12538K [0x00000006c0000000, 0x00000006c9d80000, 0x000000076ab00000)
  object space 161280K, 7% used [0x00000006c0000000,0x00000006c0c3eb08,0x00000006c9d80000)
 Metaspace       used 33768K, capacity 35340K, committed 35496K, reserved 1079296K
  class space    used 4549K, capacity 4842K, committed 4864K, reserved 1048576K
}
Event: 4.061 GC heap before
{Heap before GC invocations=8 (full 2):
 PSYoungGen      total 108544K, used 97792K [0x000000076ab00000, 0x0000000775400000, 0x00000007c0000000)
  eden space 97792K, 100% used [0x000000076ab00000,0x0000000770a80000,0x0000000770a80000)
  from space 10752K, 0% used [0x0000000770a80000,0x0000000770a80000,0x0000000771500000)
  to   space 10752K, 0% used [0x0000000774980000,0x0000000774980000,0x0000000775400000)
 ParOldGen       total 161280K, used 12538K [0x00000006c0000000, 0x00000006c9d80000, 0x000000076ab00000)
  object space 161280K, 7% used [0x00000006c0000000,0x00000006c0c3eb08,0x00000006c9d80000)
 Metaspace       used 41750K, capacity 43988K, committed 44288K, reserved 1087488K
  class space    used 5669K, capacity 6102K, committed 6144K, reserved 1048576K
Event: 4.073 GC heap after
Heap after GC invocations=8 (full 2):
 PSYoungGen      total 151552K, used 10747K [0x000000076ab00000, 0x0000000775400000, 0x00000007c0000000)
  eden space 140800K, 0% used [0x000000076ab00000,0x000000076ab00000,0x0000000773480000)
  from space 10752K, 99% used [0x0000000774980000,0x00000007753feca8,0x0000000775400000)
  to   space 11776K, 0% used [0x0000000773d00000,0x0000000773d00000,0x0000000774880000)
 ParOldGen       total 161280K, used 12870K [0x00000006c0000000, 0x00000006c9d80000, 0x000000076ab00000)
  object space 161280K, 7% used [0x00000006c0000000,0x00000006c0c91880,0x00000006c9d80000)
 Metaspace       used 41750K, capacity 43988K, committed 44288K, reserved 1087488K
  class space    used 5669K, capacity 6102K, committed 6144K, reserved 1048576K
}

