# JRE version: OpenJDK Runtime Environment (8.0_282) (build 1.8.0_282-bre_2021_01_20_16_06-b00)
# Java VM: OpenJDK 64-Bit Server VM (25.282-b00 mixed mode bsd-amd64 compressed oops)
Heap:
 PSYoungGen      total 141824K, used 87812K [0x000000076ab00000, 0x0000000774500000, 0x00000007c0000000)
  eden space 131072K, 58% used [0x000000076ab00000,0x000000076f641828,0x0000000772b00000)
  from space 10752K, 99% used [0x0000000773a80000,0x00000007744ffa40,0x0000000774500000)
  to   space 11776K, 0% used [0x0000000772e00000,0x0000000772e00000,0x0000000773980000)
 ParOldGen       total 173056K, used 12601K [0x00000006c0000000, 0x00000006ca900000, 0x000000076ab00000)
  object space 173056K, 7% used [0x00000006c0000000,0x00000006c0c4e578,0x00000006ca900000)
 Metaspace       used 49233K, capacity 52088K, committed 52352K, reserved 1093632K
  class space    used 6752K, capacity 7264K, committed 7296K, reserved 1048576K
GC Heap History (10 events):
Event: 1.551 GC heap before
{Heap before GC invocations=4 (full 1):
 PSYoungGen      total 76288K, used 65536K [0x000000076ab00000, 0x0000000774000000, 0x00000007c0000000)
  eden space 65536K, 100% used [0x000000076ab00000,0x000000076eb00000,0x000000076eb00000)
  from space 10752K, 0% used [0x000000076f580000,0x000000076f580000,0x0000000770000000)
  to   space 10752K, 0% used [0x000000076eb00000,0x000000076eb00000,0x000000076f580000)
 ParOldGen       total 110080K, used 9014K [0x00000006c0000000, 0x00000006c6b80000, 0x000000076ab00000)
  object space 110080K, 8% used [0x00000006c0000000,0x00000006c08cdb38,0x00000006c6b80000)
 Metaspace       used 25923K, capacity 26972K, committed 27264K, reserved 1073152K
  class space    used 3389K, capacity 3630K, committed 3712K, reserved 1048576K
Event: 1.555 GC heap after
Heap after GC invocations=4 (full 1):
 PSYoungGen      total 76288K, used 8616K [0x000000076ab00000, 0x0000000771c00000, 0x00000007c0000000)
  eden space 65536K, 0% used [0x000000076ab00000,0x000000076ab00000,0x000000076eb00000)
  from space 10752K, 80% used [0x000000076eb00000,0x000000076f36a070,0x000000076f580000)
  to   space 10752K, 0% used [0x0000000771180000,0x0000000771180000,0x0000000771c00000)
 ParOldGen       total 110080K, used 9022K [0x00000006c0000000, 0x00000006c6b80000, 0x000000076ab00000)
  object space 110080K, 8% used [0x00000006c0000000,0x00000006c08cfb38,0x00000006c6b80000)
 Metaspace       used 25923K, capacity 26972K, committed 27264K, reserved 1073152K
  class space    used 3389K, capacity 3630K, committed 3712K, reserved 1048576K
}
Event: 2.230 GC heap before
{Heap before GC invocations=5 (full 1):
 PSYoungGen      total 76288K, used 74152K [0x000000076ab00000, 0x0000000771c00000, 0x00000007c0000000)
  eden space 65536K, 100% used [0x000000076ab00000,0x000000076eb00000,0x000000076eb00000)
  from space 10752K, 80% used [0x000000076eb00000,0x000000076f36a070,0x000000076f580000)
  to   space 10752K, 0% used [0x0000000771180000,0x0000000771180000,0x0000000771c00000)
 ParOldGen       total 110080K, used 9022K [0x00000006c0000000, 0x00000006c6b80000, 0x000000076ab00000)
  object space 110080K, 8% used [0x00000006c0000000,0x00000006c08cfb38,0x00000006c6b80000)
 Metaspace       used 32049K, capacity 33518K, committed 33792K, reserved 1079296K
  class space    used 4232K, capacity 4529K, committed 4608K, reserved 1048576K
Event: 2.239 GC heap after
Heap after GC invocations=5 (full 1):
 PSYoungGen      total 103936K, used 10378K [0x000000076ab00000, 0x0000000771c00000, 0x00000007c0000000)
  eden space 93184K, 0% used [0x000000076ab00000,0x000000076ab00000,0x0000000770600000)
  from space 10752K, 96% used [0x0000000771180000,0x0000000771ba2a08,0x0000000771c00000)
  to   space 10752K, 0% used [0x0000000770700000,0x0000000770700000,0x0000000771180000)
 ParOldGen       total 110080K, used 9030K [0x00000006c0000000, 0x00000006c6b80000, 0x000000076ab00000)
  object space 110080K, 8% used [0x00000006c0000000,0x00000006c08d1b38,0x00000006c6b80000)
 Metaspace       used 32049K, capacity 33518K, committed 33792K, reserved 1079296K
  class space    used 4232K, capacity 4529K, committed 4608K, reserved 1048576K
}
Event: 2.507 GC heap before
{Heap before GC invocations=6 (full 1):
 PSYoungGen      total 103936K, used 42193K [0x000000076ab00000, 0x0000000771c00000, 0x00000007c0000000)
  eden space 93184K, 34% used [0x000000076ab00000,0x000000076ca11a98,0x0000000770600000)
  from space 10752K, 96% used [0x0000000771180000,0x0000000771ba2a08,0x0000000771c00000)
  to   space 10752K, 0% used [0x0000000770700000,0x0000000770700000,0x0000000771180000)
 ParOldGen       total 110080K, used 9030K [0x00000006c0000000, 0x00000006c6b80000, 0x000000076ab00000)
  object space 110080K, 8% used [0x00000006c0000000,0x00000006c08d1b38,0x00000006c6b80000)
 Metaspace       used 33783K, capacity 35408K, committed 35496K, reserved 1079296K
  class space    used 4550K, capacity 4842K, committed 4864K, reserved 1048576K
Event: 2.516 GC heap after
Heap after GC invocations=6 (full 1):
 PSYoungGen      total 104960K, used 7931K [0x000000076ab00000, 0x0000000774500000, 0x00000007c0000000)
  eden space 94208K, 0% used [0x000000076ab00000,0x000000076ab00000,0x0000000770700000)
  from space 10752K, 73% used [0x0000000770700000,0x0000000770ebecd8,0x0000000771180000)
  to   space 10752K, 0% used [0x0000000773a80000,0x0000000773a80000,0x0000000774500000)
 ParOldGen       total 110080K, used 9038K [0x00000006c0000000, 0x00000006c6b80000, 0x000000076ab00000)
  object space 110080K, 8% used [0x00000006c0000000,0x00000006c08d3b38,0x00000006c6b80000)
 Metaspace       used 33783K, capacity 35408K, committed 35496K, reserved 1079296K
  class space    used 4550K, capacity 4842K, committed 4864K, reserved 1048576K
}
Event: 2.516 GC heap before
{Heap before GC invocations=7 (full 2):
 PSYoungGen      total 104960K, used 7931K [0x000000076ab00000, 0x0000000774500000, 0x00000007c0000000)
  eden space 94208K, 0% used [0x000000076ab00000,0x000000076ab00000,0x0000000770700000)
  from space 10752K, 73% used [0x0000000770700000,0x0000000770ebecd8,0x0000000771180000)
  to   space 10752K, 0% used [0x0000000773a80000,0x0000000773a80000,0x0000000774500000)
 ParOldGen       total 110080K, used 9038K [0x00000006c0000000, 0x00000006c6b80000, 0x000000076ab00000)
  object space 110080K, 8% used [0x00000006c0000000,0x00000006c08d3b38,0x00000006c6b80000)
 Metaspace       used 33783K, capacity 35408K, committed 35496K, reserved 1079296K
  class space    used 4550K, capacity 4842K, committed 4864K, reserved 1048576K
Event: 2.559 GC heap after
Heap after GC invocations=7 (full 2):
 PSYoungGen      total 104960K, used 0K [0x000000076ab00000, 0x0000000774500000, 0x00000007c0000000)
  eden space 94208K, 0% used [0x000000076ab00000,0x000000076ab00000,0x0000000770700000)
  from space 10752K, 0% used [0x0000000770700000,0x0000000770700000,0x0000000771180000)
  to   space 10752K, 0% used [0x0000000773a80000,0x0000000773a80000,0x0000000774500000)
 ParOldGen       total 173056K, used 12500K [0x00000006c0000000, 0x00000006ca900000, 0x000000076ab00000)
  object space 173056K, 7% used [0x00000006c0000000,0x00000006c0c351e0,0x00000006ca900000)
 Metaspace       used 33783K, capacity 35408K, committed 35496K, reserved 1079296K
  class space    used 4550K, capacity 4842K, committed 4864K, reserved 1048576K
}
Event: 3.639 GC heap before
{Heap before GC invocations=8 (full 2):
 PSYoungGen      total 104960K, used 94208K [0x000000076ab00000, 0x0000000774500000, 0x00000007c0000000)
  eden space 94208K, 100% used [0x000000076ab00000,0x0000000770700000,0x0000000770700000)
  from space 10752K, 0% used [0x0000000770700000,0x0000000770700000,0x0000000771180000)
  to   space 10752K, 0% used [0x0000000773a80000,0x0000000773a80000,0x0000000774500000)
 ParOldGen       total 173056K, used 12500K [0x00000006c0000000, 0x00000006ca900000, 0x000000076ab00000)
  object space 173056K, 7% used [0x00000006c0000000,0x00000006c0c351e0,0x00000006ca900000)
 Metaspace       used 41519K, capacity 43764K, committed 44032K, reserved 1087488K
  class space    used 5628K, capacity 6070K, committed 6144K, reserved 1048576K
Event: 3.652 GC heap after
Heap after GC invocations=8 (full 2):
 PSYoungGen      total 141824K, used 10750K [0x000000076ab00000, 0x0000000774500000, 0x00000007c0000000)
  eden space 131072K, 0% used [0x000000076ab00000,0x000000076ab00000,0x0000000772b00000)
  from space 10752K, 99% used [0x0000000773a80000,0x00000007744ffa40,0x0000000774500000)
  to   space 11776K, 0% used [0x0000000772e00000,0x0000000772e00000,0x0000000773980000)
 ParOldGen       total 173056K, used 12601K [0x00000006c0000000, 0x00000006ca900000, 0x000000076ab00000)
  object space 173056K, 7% used [0x00000006c0000000,0x00000006c0c4e578,0x00000006ca900000)
 Metaspace       used 41519K, capacity 43764K, committed 44032K, reserved 1087488K
  class space    used 5628K, capacity 6070K, committed 6144K, reserved 1048576K
}

